2018feb13ImrcRoom109R22018mar30n3
Elliot2018mar29
dreaming_in_a_frozen_moment
2018feb13ImrcV2
2018feb12FieldrecN9
presentation-nmd430-2018feb12
2018feb09V12FieldrecordingrecordedEditedAndExportedOn2018feb09InTheLobbyOfIMRCbe
2018jan24a25MusicSample
2017nov30R22017dec01n8
IndustrySapphireIndustryFuturamerlinID10457
2017nov30n25
2017nov18n2
2017nov08Session22017nov09n37
2017oct26n13
2017oct12n2
2017oct18-FilmSound
2017oct18n2
2017sept26n6
2016sept16_201610
worldpeacehaven_gmail_Epic
MashupPourDrunkNeedingAudio
MashupPourDrunkNeeding
SunsetOverTheCityFuturamerlinDubstepRemix
UnwrittenTechnoRemixAudio
SomeoneSpecialAudio
UnwrittenTechnoRemix
