0 info it worked if it ends with ok
1 verbose cli [ '/usr/bin/node', '/usr/bin/npm', 'run', 'watch' ]
2 info using npm@3.10.10
3 info using node@v6.11.5
4 verbose run-script [ 'prewatch', 'watch', 'postwatch' ]
5 info lifecycle waveplayer@1.0.3~prewatch: waveplayer@1.0.3
6 silly lifecycle waveplayer@1.0.3~prewatch: no script for prewatch, continuing
7 info lifecycle waveplayer@1.0.3~watch: waveplayer@1.0.3
8 verbose lifecycle waveplayer@1.0.3~watch: unsafe-perm in lifecycle true
9 verbose lifecycle waveplayer@1.0.3~watch: PATH: /usr/lib64/node_modules/npm/bin/node-gyp-bin:/library/Ember/ember-web-site/people/elliot/music/player/node_modules/.bin:/usr/local/bin/:/usr/sbin/:/sbin/:/usr/x86_64-pc-linux-gnu/gcc-bin/6.4.0:/usr/lib/llvm/5/bin:/usr/tqt3/bin:/usr/trinity/14/bin:/usr/local/bin:/usr/bin:/bin:/opt/bin:/usr/lib64/subversion/bin:/usr/games/bin:/var/spool/fax/bin:/home/kyan/.gem/ruby/2.2.0/bin
10 verbose lifecycle waveplayer@1.0.3~watch: CWD: /library/Ember/ember-web-site/people/elliot/music/player
11 silly lifecycle waveplayer@1.0.3~watch: Args: [ '-c', 'rollup --config --watch' ]
12 silly lifecycle waveplayer@1.0.3~watch: Returned: code: 1  signal: null
13 info lifecycle waveplayer@1.0.3~watch: Failed to exec watch script
14 verbose stack Error: waveplayer@1.0.3 watch: `rollup --config --watch`
14 verbose stack Exit status 1
14 verbose stack     at EventEmitter.<anonymous> (/usr/lib64/node_modules/npm/lib/utils/lifecycle.js:255:16)
14 verbose stack     at emitTwo (events.js:106:13)
14 verbose stack     at EventEmitter.emit (events.js:191:7)
14 verbose stack     at ChildProcess.<anonymous> (/usr/lib64/node_modules/npm/lib/utils/spawn.js:40:14)
14 verbose stack     at emitTwo (events.js:106:13)
14 verbose stack     at ChildProcess.emit (events.js:191:7)
14 verbose stack     at maybeClose (internal/child_process.js:920:16)
14 verbose stack     at Process.ChildProcess._handle.onexit (internal/child_process.js:230:5)
15 verbose pkgid waveplayer@1.0.3
16 verbose cwd /library/Ember/ember-web-site/people/elliot/music/player
17 error Linux 4.9.34-wreathe
18 error argv "/usr/bin/node" "/usr/bin/npm" "run" "watch"
19 error node v6.11.5
20 error npm  v3.10.10
21 error code ELIFECYCLE
22 error waveplayer@1.0.3 watch: `rollup --config --watch`
22 error Exit status 1
23 error Failed at the waveplayer@1.0.3 watch script 'rollup --config --watch'.
23 error Make sure you have the latest version of node.js and npm installed.
23 error If you do, this is most likely a problem with the waveplayer package,
23 error not with npm itself.
23 error Tell the author that this fails on your system:
23 error     rollup --config --watch
23 error You can get information on how to open an issue for this project with:
23 error     npm bugs waveplayer
23 error Or if that isn't available, you can get their info via:
23 error     npm owner ls waveplayer
23 error There is likely additional logging output above.
24 verbose exit [ 1, true ]
