0 info it worked if it ends with ok
1 verbose cli [ '/usr/bin/node', '/usr/bin/npm', 'run', 'build' ]
2 info using npm@3.10.10
3 info using node@v6.11.5
4 verbose run-script [ 'prebuild', 'build', 'postbuild' ]
5 info lifecycle example@1.0.0~prebuild: example@1.0.0
6 silly lifecycle example@1.0.0~prebuild: no script for prebuild, continuing
7 info lifecycle example@1.0.0~build: example@1.0.0
8 verbose lifecycle example@1.0.0~build: unsafe-perm in lifecycle true
9 verbose lifecycle example@1.0.0~build: PATH: /usr/lib64/node_modules/npm/bin/node-gyp-bin:/library/Ember/ember-web-site/people/elliot/music/player/example/node_modules/.bin:/usr/local/bin/:/usr/sbin/:/sbin/:/usr/x86_64-pc-linux-gnu/gcc-bin/6.4.0:/usr/lib/llvm/5/bin:/usr/tqt3/bin:/usr/trinity/14/bin:/usr/local/bin:/usr/bin:/bin:/opt/bin:/usr/lib64/subversion/bin:/usr/games/bin:/var/spool/fax/bin:/home/kyan/.gem/ruby/2.2.0/bin
10 verbose lifecycle example@1.0.0~build: CWD: /library/Ember/ember-web-site/people/elliot/music/player/example
11 silly lifecycle example@1.0.0~build: Args: [ '-c',
11 silly lifecycle   'node -r babel-register ./node_modules/.bin/webpack --progress --hide-modules' ]
12 silly lifecycle example@1.0.0~build: Returned: code: 2  signal: null
13 info lifecycle example@1.0.0~build: Failed to exec build script
14 verbose stack Error: example@1.0.0 build: `node -r babel-register ./node_modules/.bin/webpack --progress --hide-modules`
14 verbose stack Exit status 2
14 verbose stack     at EventEmitter.<anonymous> (/usr/lib64/node_modules/npm/lib/utils/lifecycle.js:255:16)
14 verbose stack     at emitTwo (events.js:106:13)
14 verbose stack     at EventEmitter.emit (events.js:191:7)
14 verbose stack     at ChildProcess.<anonymous> (/usr/lib64/node_modules/npm/lib/utils/spawn.js:40:14)
14 verbose stack     at emitTwo (events.js:106:13)
14 verbose stack     at ChildProcess.emit (events.js:191:7)
14 verbose stack     at maybeClose (internal/child_process.js:920:16)
14 verbose stack     at Process.ChildProcess._handle.onexit (internal/child_process.js:230:5)
15 verbose pkgid example@1.0.0
16 verbose cwd /library/Ember/ember-web-site/people/elliot/music/player/example
17 error Linux 4.9.34-wreathe
18 error argv "/usr/bin/node" "/usr/bin/npm" "run" "build"
19 error node v6.11.5
20 error npm  v3.10.10
21 error code ELIFECYCLE
22 error example@1.0.0 build: `node -r babel-register ./node_modules/.bin/webpack --progress --hide-modules`
22 error Exit status 2
23 error Failed at the example@1.0.0 build script 'node -r babel-register ./node_modules/.bin/webpack --progress --hide-modules'.
23 error Make sure you have the latest version of node.js and npm installed.
23 error If you do, this is most likely a problem with the example package,
23 error not with npm itself.
23 error Tell the author that this fails on your system:
23 error     node -r babel-register ./node_modules/.bin/webpack --progress --hide-modules
23 error You can get information on how to open an issue for this project with:
23 error     npm bugs example
23 error Or if that isn't available, you can get their info via:
23 error     npm owner ls example
23 error There is likely additional logging output above.
24 verbose exit [ 1, true ]
