[23/Jan/2014 16:53:41]	Files deleted		lib/images/arrow_down.gif
[23/Jan/2014 16:53:41]	Files deleted		lib/images/arrow_up.gif
[23/Jan/2014 16:53:41]	Files deleted		lib/images/at.gif
[23/Jan/2014 16:53:41]	Files deleted		lib/images/close.png
[23/Jan/2014 16:53:41]	Files deleted		lib/images/del.png
[23/Jan/2014 16:53:41]	Files deleted		lib/images/edit.gif
[23/Jan/2014 16:53:41]	Files deleted		lib/images/list-minus.gif
[23/Jan/2014 16:53:41]	Files deleted		lib/images/list-plus.gif
[23/Jan/2014 16:53:41]	Files deleted		lib/images/pencil.png
[23/Jan/2014 16:53:41]	Files deleted		lib/images/interwiki/meatball.gif
[23/Jan/2014 16:53:41]	Files deleted		lib/images/interwiki/wiki.gif
[23/Jan/2014 16:53:41]	Files deleted		lib/plugins/acl/ajax.php
[23/Jan/2014 16:53:41]	Files deleted		lib/tpl/default/_admin.css
[23/Jan/2014 16:53:41]	Files deleted		lib/tpl/default/_linkwiz.css
[23/Jan/2014 16:53:41]	Files deleted		lib/tpl/default/_mediaoptions.css
[23/Jan/2014 16:53:41]	Files deleted		lib/tpl/default/_subscription.css
[23/Jan/2014 16:53:41]	Files deleted		lib/tpl/default/design.css
[23/Jan/2014 16:53:41]	Files deleted		lib/tpl/default/detail.php
[23/Jan/2014 16:53:41]	Files deleted		lib/tpl/default/footer.html
[23/Jan/2014 16:53:41]	Files deleted		lib/tpl/default/images/UWEB.png
[23/Jan/2014 16:53:41]	Files deleted		lib/tpl/default/images/UWEBshadow.png
[23/Jan/2014 16:53:41]	Files deleted		lib/tpl/default/images/bullet.gif
[23/Jan/2014 16:53:41]	Files deleted		lib/tpl/default/images/button-cc.gif
[23/Jan/2014 16:53:41]	Files deleted		lib/tpl/default/images/button-css.png
[23/Jan/2014 16:53:41]	Files deleted		lib/tpl/default/images/button-donate.gif
[23/Jan/2014 16:53:41]	Files deleted		lib/tpl/default/images/button-dw.png
[23/Jan/2014 16:53:41]	Files deleted		lib/tpl/default/images/button-php.gif
[23/Jan/2014 16:53:41]	Files deleted		lib/tpl/default/images/button-rss.png
[23/Jan/2014 16:53:41]	Files deleted		lib/tpl/default/images/button-xhtml.png
[23/Jan/2014 16:53:41]	Files deleted		lib/tpl/default/images/buttonshadow.png
[23/Jan/2014 16:53:41]	Files deleted		lib/tpl/default/images/closed.gif
[23/Jan/2014 16:53:41]	Files deleted		lib/tpl/default/images/favicon.ico
[23/Jan/2014 16:53:41]	Files deleted		lib/tpl/default/images/inputshadow.png
[23/Jan/2014 16:53:41]	Files deleted		lib/tpl/default/images/link_icon.gif
[23/Jan/2014 16:53:41]	Files deleted		lib/tpl/default/images/mail_icon.gif
[23/Jan/2014 16:53:41]	Files deleted		lib/tpl/default/images/open.gif
[23/Jan/2014 16:53:41]	Files deleted		lib/tpl/default/images/tocdot2.gif
[23/Jan/2014 16:53:41]	Files deleted		lib/tpl/default/images/windows.gif
[23/Jan/2014 16:53:41]	Files deleted		lib/tpl/default/layout.css
[23/Jan/2014 16:53:41]	Files deleted		lib/tpl/default/main.php
[23/Jan/2014 16:53:41]	Files deleted		lib/tpl/default/media.css
[23/Jan/2014 16:53:41]	Files deleted		lib/tpl/default/mediamanager.php
[23/Jan/2014 16:53:41]	Files deleted		lib/tpl/default/print.css
[23/Jan/2014 16:53:41]	Files deleted		lib/tpl/default/rtl.css
[23/Jan/2014 16:53:41]	Files deleted		lib/tpl/default/style.ini
[23/Jan/2014 16:53:41]	Files deleted		lib/plugins/info/lang/sl/lang.php
[23/Jan/2014 16:53:41]	Files deleted		inc/adLDAP.php
[23/Jan/2014 16:53:41]	Files deleted		inc/auth/ad.class.php
[23/Jan/2014 16:53:41]	Files deleted		inc/auth/basic.class.php
[23/Jan/2014 16:53:41]	Files deleted		inc/auth/ldap.class.php
[23/Jan/2014 16:53:41]	Files deleted		inc/auth/mysql.class.php
[23/Jan/2014 16:53:41]	Files deleted		inc/auth/pgsql.class.php
[23/Jan/2014 16:53:41]	Files deleted		inc/auth/plain.class.php
[23/Jan/2014 16:53:41]	Files deleted		lib/images/interwiki/skype.png
[23/Jan/2014 16:53:41]	Files deleted		lib/plugins/acl/rtl.css
[23/Jan/2014 16:53:41]	Files deleted		lib/plugins/config/rtl.css
[23/Jan/2014 16:53:41]	Files deleted		lib/plugins/plugin/rtl.css
[23/Jan/2014 16:53:41]	Files deleted		lib/_fla/.htaccess
[23/Jan/2014 16:53:41]	Files deleted		lib/_fla/MultipleUpload.as
[23/Jan/2014 16:53:41]	Files deleted		lib/_fla/README
[23/Jan/2014 16:53:41]	Files deleted		lib/_fla/index.html
[23/Jan/2014 16:53:41]	Files deleted		lib/_fla/multipleUpload.fla
[23/Jan/2014 16:53:41]	Files deleted		lib/exe/multipleUpload.swf
[23/Jan/2014 16:53:41]	Files deleted		lib/images/multiupload.png
[23/Jan/2014 16:53:41]	Files deleted		lib/scripts/ajax.js
[23/Jan/2014 16:53:41]	Files deleted		lib/scripts/events.js
[23/Jan/2014 16:53:41]	Files deleted		lib/scripts/subscriptions.js
